https://tver.jp/episodes/epfy2whf0x | 奇跡体験！アンビリバボー トレビあ～んビリバボー！あの人気グルメ誕生秘話SP！-%(id)s.mp4
https://tver.jp/episodes/epztm2okia | 池上彰のニュースそうだったのか!! コメの増産はホントにできる？外国人優遇とよく聞くけど本当？スパイ-%(id)s.mp4
https://tver.jp/episodes/epnw2s9jrg | 孤独のグルメ Season10 第6話 岐阜県下呂市のとんちゃんとけいちゃん-%(id)s.mp4
https://tver.jp/episodes/epfs894kiy | 孤独のグルメ Season10 第4話 東京都練馬区大泉学園のサザエとキノコのプロヴァンス風と牛タン-%(id)s.mp4
https://tver.jp/episodes/ep5v584hpf | 孤独のグルメ Season10 第5話 千葉県柏市鷲野谷のネギレバ炒と鶏皮餃子-%(id)s.mp4
https://tver.jp/episodes/epimbjd9ot | カンブリア宮殿 “そのまま食べる”で大ヒット！みそ業界3位の新ニーズ発掘戦略-%(id)s.mp4
https://tver.jp/episodes/ep07purxhq | 住人十色～家の数だけある 家族のカタチ～ ＃735「まさかの坂道!大家族が暮らす10坪の家」-%(id)s.mp4
https://tver.jp/episodes/epc4o6urhb | 探偵！ナイトスクープ 妻のお尻当て＆セミは人を刺す？【特命局長：オダギリジョー】-%(id)s.mp4
https://tver.jp/episodes/epq5q05odd | ガイアの夜明け バイオの炎 20年目の逆襲-%(id)s.mp4
https://tver.jp/episodes/ep203g9ltu | そこまで言って委員会NP 政界天国と地獄を大暴露！有罪判決の河井夫妻登場-%(id)s.mp4
https://tver.jp/episodes/epoimijwj7 | 池上彰のニュースそうだったのか!! コンビニで海苔なしおにぎりが増えているのはナゼ？トランプ大統領が-%(id)s.mp4
https://tver.jp/episodes/epypfdz94x | ポツンと一軒家 北海道の広大な敷地で発見したポツンと牧場！繁殖農家のご夫婦の慌ただしくも、穏やかな暮-%(id)s.mp4
https://tver.jp/episodes/epdkipja59 | 情熱大陸 遠藤憲一（俳優・＃1370）-%(id)s.mp4
https://tver.jp/episodes/epc63wkco6 | マツコの知らない世界 前半「ご当地納豆の世界」-%(id)s.mp4
https://tver.jp/episodes/epfhj3it0u | マツコの知らない世界 後半「団地の世界」-%(id)s.mp4
https://tver.jp/episodes/epg41f0qn7 | 住人十色～家の数だけある 家族のカタチ～ ＃785「女性ひとりでセルフビルド！木や土の力を活かす自然-%(id)s.mp4
https://tver.jp/episodes/epgrikhk3y | 探偵！ナイトスクープ ゴミ屋敷から転職に必要な書類を探せ！【特命局長：オダギリジョー】-%(id)s.mp4
https://tver.jp/episodes/epbmkqmmfq | ガイアの夜明け 復活！ハワイアンズ～外資が変える老舗リゾート～-%(id)s.mp4
https://tver.jp/episodes/epxy51udr0 | ジョブチューン ～アノ職業のヒミツぶっちゃけます！ 大ヒット商品の知られざるライバルストーリーSP-%(id)s.mp4
https://tver.jp/episodes/ep24yp4b3n | 芸能人格付けチェック　秋の３時間半スペシャル チェック5「能楽囃子」＆6「唐揚げ」-%(id)s.mp4
https://tver.jp/episodes/ep6lsp94xu | 芸能人格付けチェック　秋の３時間半スペシャル チェック1「シャンパン」＆2「ブレイキン」-%(id)s.mp4
https://tver.jp/episodes/epq5tsgyg4 | 芸能人格付けチェック　秋の３時間半スペシャル チェック3「混合アンサンブル」＆4「サルサダンス」-%(id)s.mp4
https://tver.jp/episodes/epk277163g | そこまで言って委員会NP 激論！国防を考える！自衛隊・米豪共同訓練に密着-%(id)s.mp4
https://tver.jp/episodes/epix2pmz33 | 情熱大陸 椛島健治（皮膚科医・＃1371）-%(id)s.mp4
https://tver.jp/episodes/epb4is0223 | 探偵！ナイトスクープ 余命１ヶ月の母 人生最後のパチンコ【寛平探偵】-%(id)s.mp4
https://tver.jp/episodes/epxo6gqem1 | 探偵！ナイトスクープ 爆発する日本酒！？【石田探偵】-%(id)s.mp4
https://tver.jp/episodes/eprr22omht | 探偵！ナイトスクープ １６年間会話のない兄妹【竹山探偵】-%(id)s.mp4
https://tver.jp/episodes/ep4lnuzhba | 探偵！ナイトスクープ ウミガメになって産卵したい少年【田村探偵】-%(id)s.mp4
https://tver.jp/episodes/epmybmdntp | 探偵！ナイトスクープ 亡き息子リョウスケの夢【真栄田探偵】-%(id)s.mp4
https://tver.jp/episodes/ephrrhw701 | 探偵！ナイトスクープ 入れ歯をカニと信じる娘たち【せいや探偵】-%(id)s.mp4
https://tver.jp/episodes/epw7sn8rwz | ザ！世界仰天ニュース 日本のピンチ救った東海道新幹線!激動32時間!TV初の完全再現-%(id)s.mp4
https://tver.jp/episodes/epmpzxs4gg | マツコの知らない世界 「道の駅バーガーの世界」-%(id)s.mp4
https://tver.jp/episodes/eph3fut27j | 孤独のグルメ Season1 第2話 豊島区駒込の煮魚定食-%(id)s.mp4
https://tver.jp/episodes/ept5vlhxje | 孤独のグルメ Season1 第1話 江東区門前仲町のやきとりと焼きめし-%(id)s.mp4
https://tver.jp/episodes/ep7ipv97s9 | 住人十色～家の数だけある 家族のカタチ～ ＃746「60歳は新築適齢期!窓も個室も○○もやめた家」-%(id)s.mp4
https://tver.jp/episodes/ep3qa2xvnq | 晩酌の流儀４ ～秋冬編～ 第1話 「秋刀魚の味噌焼き」-%(id)s.mp4
https://tver.jp/episodes/epb858wsti | そこまで言って委員会NP 電撃SP！新総裁に何望む？「移民政策」賛否爆発-%(id)s.mp4
https://tver.jp/episodes/ephwia67sd | 大改造!!劇的ビフォーアフター×ポツンと一軒家合体スペシャル 5年半ぶり！「大改造！！劇的ビフォーア-%(id)s.mp4
https://tver.jp/episodes/epsyv9yqgl | ザ！世界仰天ニュース 目が激腫れアイドル　衝撃の原因-%(id)s.mp4
https://tver.jp/episodes/ept2fepqxi | 孤独のグルメ Season1 第5話 杉並区永福の親子丼と焼うどん-%(id)s.mp4
https://tver.jp/episodes/epf4gbq3lk | マツコの知らない世界 前半「絵師の世界」-%(id)s.mp4
https://tver.jp/episodes/epm8q0m517 | マツコの知らない世界 後半「秋花火の世界」-%(id)s.mp4
https://tver.jp/episodes/epkbb9oczm | カンブリア宮殿 20年目特別企画 ニッポンを元気にする若手女性経営者-%(id)s.mp4
https://tver.jp/episodes/epmoj0ucvk | ガイアの夜明け “家族の思い出”争奪戦-%(id)s.mp4
https://tver.jp/episodes/ep4jgkc8s6 | 晩酌の流儀４ ～秋冬編～ 第2話 「ラムギョプサル」-%(id)s.mp4
https://tver.jp/episodes/eprl5tb8pc | 住人十色～家の数だけある 家族のカタチ～ ＃767「オンボロ空き家をセルフリノベ　猫と子どもが輝く家-%(id)s.mp4
https://tver.jp/episodes/epncpu0uum | そこまで言って委員会NP 日本VS韓国！文化戦略どちらが優位？大激論！-%(id)s.mp4
https://tver.jp/episodes/epthaohgfi | 情熱大陸 Da-iCE（アーティスト・＃1373）-%(id)s.mp4
https://tver.jp/episodes/epsqknyki3 | カンブリア宮殿 「旅」の可能性を広げる！キャンピングカー業界の“革命児”-%(id)s.mp4
https://tver.jp/episodes/epeahpc0uh | 奇跡体験！アンビリバボー 世界のUFO・UMA！！特大スクープSP！！-%(id)s.mp4
https://tver.jp/episodes/epzc1rc8ir | マツコの知らない世界 「成功率0！関東デカ盛りチャレンジの世界」-%(id)s.mp4
https://tver.jp/episodes/epw7fgsi6h | ザ！世界仰天ニュース 食の危険SP…エノキの調理ミスで救急搬送&恐怖のしいたけ皮膚炎-%(id)s.mp4
https://tver.jp/episodes/ep8w2stowe | ジョブチューン ～アノ職業のヒミツぶっちゃけます！ セブン-イレブンVS超一流料理人-%(id)s.mp4
https://tver.jp/episodes/eplhphtd6w | 住人十色～家の数だけある 家族のカタチ～ ＃786「開きたい夫×閉じたい妻＝トンネルの家」-%(id)s.mp4
https://tver.jp/episodes/epnxsaqjw1 | ガイアの夜明け 移住で夢を叶える！-%(id)s.mp4
https://tver.jp/episodes/eprmcbtkx6 | そこまで言って委員会NP 高市総理爆誕へ？激論！女性政治家に田嶋が喝-%(id)s.mp4
https://tver.jp/episodes/epwu9gc6fq | 情熱大陸 郷 ひろみ（前編・＃1374）-%(id)s.mp4
https://tver.jp/episodes/ep9bgz94xl | ポツンと一軒家 瀬戸内海を見渡す集落から深き山の奥へ…！見つけたのは、見事な日本家屋＝茶室だった！果-%(id)s.mp4
https://tver.jp/episodes/epdizyovqz | 池上彰のニュースそうだったのか!! 食中毒が最も多いのは10月!…知ればそうだったのか！秋のニュース-%(id)s.mp4
https://tver.jp/episodes/eptsz77m0b | マツコの知らない世界 前半「ホットドッグの世界」-%(id)s.mp4
https://tver.jp/episodes/ep9qanbb09 | マツコの知らない世界 後半「水上さんぽの世界」-%(id)s.mp4
https://tver.jp/episodes/epudjwxies | ザ！世界仰天ニュース 美人過ぎると追われた政治家…金に執着6億円奪った極悪手口-%(id)s.mp4
https://tver.jp/episodes/epvmk9vpf3 | 孤独のグルメ Season2 第5話 神奈川県横浜市白楽の豚肉と玉ねぎのニンニク焼き-%(id)s.mp4
https://tver.jp/episodes/epdm0nifbn | カンブリア宮殿 物価高の強い味方！「スリーコインズ」がアパレル方式で急成長-%(id)s.mp4
https://tver.jp/episodes/epiofhyw9n | ガイアの夜明け Bリーグの野望～いまこそ「ハコモノ」で稼ぐ！～-%(id)s.mp4
https://tver.jp/episodes/epzn5ahf46 | 晩酌の流儀４ ～秋冬編～ 第4話 「セロリ餃子と春菊ベーコン」-%(id)s.mp4
https://tver.jp/episodes/epb9z6bnlh | 住人十色～家の数だけある 家族のカタチ～ ＃787「狭小10坪で明るさとプライバシー克服　鍵は10度-%(id)s.mp4
https://tver.jp/episodes/ep7ed7f9eb | そこまで言って委員会NP 高市政権でどうなる？日本のエネルギー大激論SP-%(id)s.mp4
https://tver.jp/episodes/epmqgc8i0a | 情熱大陸 郷 ひろみ（後編・＃1375）-%(id)s.mp4
https://tver.jp/episodes/epf7rmtrey | 池上彰のニュースそうだったのか!! 意外と知らないけど実は日本には世界一がたくさん!世界に誇る日本の-%(id)s.mp4
https://tver.jp/episodes/epg4pebq44 | -%(id)s.mp4
https://tver.jp/episodes/ep8zxevq8g | ザ！世界仰天ニュース 沈没船タイタニック見学ツアー潜水艇タイタン!船員死亡は人災だった-%(id)s.mp4
https://tver.jp/episodes/epb0mmvica | 奇跡体験！アンビリバボー 渋谷の地下ダンジョン！！立ち入り禁止エリアに潜入SP！！-%(id)s.mp4
https://tver.jp/episodes/epn7gxwcvc | 孤独のグルメ Season2 第9話 江東区砂町銀座商店街を経て事務所飯-%(id)s.mp4
https://tver.jp/episodes/epcptfvpx3 | カンブリア宮殿 伝統を革新に変える老舗文具メーカーの挑戦-%(id)s.mp4
https://tver.jp/episodes/epkhacq6pn | ガイアの夜明け 野菜高騰の秋～レタス農家とアキダイの挑戦～-%(id)s.mp4
https://tver.jp/episodes/epmsy95gja | 晩酌の流儀４ ～秋冬編～ 第5話 「おでん牛すじのトマト煮込み」-%(id)s.mp4
https://tver.jp/episodes/epw8t54ipt | 住人十色～家の数だけある 家族のカタチ～ ＃788「住み継ぐためのアップデート！昭和の古家リノベーシ-%(id)s.mp4
https://tver.jp/episodes/eps73ixudd | ジョブチューン ～アノ職業のヒミツぶっちゃけます！ 冷凍食品3社ライバル番付-%(id)s.mp4
https://tver.jp/episodes/ep0zr3j9ee | そこまで言って委員会NP 万博大総括ＳＰ！吉村知事と今後の大阪を大激論！-%(id)s.mp4
https://tver.jp/episodes/epwanh8t30 | 情熱大陸 三國清三（シェフ・＃1376）-%(id)s.mp4
https://tver.jp/episodes/epqe2gw660 | 孤独のグルメ Season2 第11話 足立区北千住のタイカレーと鶏の汁無し麺-%(id)s.mp4
https://tver.jp/episodes/epuv4ymmll | マツコの知らない世界 「山形ラーメンVS新潟ラーメンの世界」-%(id)s.mp4
https://tver.jp/episodes/epixoew86b | カンブリア宮殿 ドーナツからハンバーガーまで！ヒット連発の舞台裏-%(id)s.mp4
https://tver.jp/episodes/epbha7it7j | 孤独のグルメ Season3 第2話 神奈川県横浜市日ノ出町のチートのしょうが炒めとパタン-%(id)s.mp4
https://tver.jp/episodes/epuemgjoqn | 晩酌の流儀４ ～秋冬編～ 第6話 「チャーシューエッグ」-%(id)s.mp4
https://tver.jp/episodes/ep7zjbqedk | ガイアの夜明け AIで激変！タクシー新時代～地域の足を守れるか～-%(id)s.mp4
https://tver.jp/episodes/epz6k23khp | 秒速5センチメートル 秒速5センチメートル-%(id)s.mp4
https://tver.jp/episodes/epugyoawjx | 住人十色～家の数だけある 家族のカタチ～ ＃789「佐世保が一望！とにかく眺望全振りの家」-%(id)s.mp4
https://tver.jp/episodes/epseovyiw8 | ジョブチューン ～アノ職業のヒミツぶっちゃけます！ ガストVS超一流料理人-%(id)s.mp4
https://tver.jp/episodes/ep52y5xko8 | 池上彰のニュースそうだったのか!! 「悪魔ちゃん命名騒動」「牛丼が豚丼に」「消えた年金」…日本を揺る-%(id)s.mp4
https://tver.jp/episodes/epru2nc6zu | 世にも奇妙な物語 世にも奇妙な物語35周年SP 秋の特別編-%(id)s.mp4
https://tver.jp/episodes/eph6rv1nv3 | そこまで言って委員会NP 安倍氏銃撃の真相は？令和の謎の事件　大解明SP-%(id)s.mp4
https://tver.jp/episodes/epwgtd3bhp | 情熱大陸 八代目 市川染五郎（歌舞伎俳優・＃1377）-%(id)s.mp4
https://tver.jp/episodes/epw1zfbh7q | ポツンと一軒家 フランスの大自然に魅せられたベルギー人ご夫婦が登場！国境を越えたポツンと一軒家への移-%(id)s.mp4
https://tver.jp/episodes/ep6ndq8ijc | 孤独のグルメ Season3 第4話 文京区江戸川橋の魚屋さんの銀だら西京焼-%(id)s.mp4
https://tver.jp/episodes/epriioxb5s | ザ！世界仰天ニュース 超危険!そっくり食材の罠▽消えた父…中国人妻の替え玉殺人の恐怖-%(id)s.mp4
https://tver.jp/episodes/ep2hstqv1x | マツコの知らない世界 「ご当地屋台村の世界」-%(id)s.mp4
https://tver.jp/episodes/epd2mcxqwi | カンブリア宮殿 “世界の安藤”驚きの建築の数々！TV初取材物件も【傑作選】-%(id)s.mp4
https://tver.jp/episodes/epacmqddze | ガイアの夜明け 看護師が足りない！～医療崩壊は防げるか～【傑作選】-%(id)s.mp4
https://tver.jp/episodes/epil0q6721 | 孤独のグルメ Season3 第6話 板橋区板橋のホルモン焼き-%(id)s.mp4
https://tver.jp/episodes/epi1ywgbly | 奇跡体験！アンビリバボー 世界のNEWトレンド＆日本の熱き研究者たちSP！！-%(id)s.mp4
https://tver.jp/episodes/epvw6jlubv | カンブリア宮殿 “郊外出店”で店舗を拡大！そばチェーン1位の独自戦略-%(id)s.mp4
https://tver.jp/episodes/ephesqgjyg | 住人十色～家の数だけある 家族のカタチ～ ＃790「大阪市内で公園借景を満喫！勝手に片付くV字型ハウ-%(id)s.mp4
https://tver.jp/episodes/eps77o0w79 | 晩酌の流儀４ ～秋冬編～ 第7話 「レタス包みガパオ」-%(id)s.mp4
https://tver.jp/episodes/ep1zisb9lw | ガイアの夜明け 【“安いコメ”は作れるか】～常識破りのコメ農家～-%(id)s.mp4
https://tver.jp/episodes/epjn4kioel | そこまで言って委員会NP 高市総理のコミュ力は？ニッポンの外交を大採点！-%(id)s.mp4
https://tver.jp/episodes/epqq31bln2 | それぞれの孤独のグルメ 第1話 町中華-%(id)s.mp4
https://tver.jp/episodes/epz6c5rawv | 孤独のグルメ Season3 第9話 練馬区小竹向原のローストポークサンドイッチとサルシッチャ-%(id)s.mp4
https://tver.jp/episodes/epm96jblqo | ザ！世界仰天ニュース 妻はなぜ死んだ疑惑の夫は有名出版社勤務…変わる供述の謎-%(id)s.mp4
https://tver.jp/episodes/epmge66ke6 | マツコの知らない世界 前半「りんごの世界」-%(id)s.mp4
https://tver.jp/episodes/eph5fhd70a | マツコの知らない世界 後半「島バナナの世界」-%(id)s.mp4
https://tver.jp/episodes/epeb8s1v1h | ポツンと一軒家 新潟県の山間地域に残された“手づくり村”とは！？集団移転をキーワードに難航を極める所-%(id)s.mp4
https://tver.jp/episodes/epq33k7b2l | 情熱大陸 桑沢綾乃（関節外科医・＃1378）-%(id)s.mp4
https://tver.jp/episodes/epjt7yc07f | 住人十色～家の数だけある 家族のカタチ～ ＃791「関西から長野県原村へ移住！森の中にたたずむ大開口-%(id)s.mp4
https://tver.jp/episodes/epzmgyq0gh | 晩酌の流儀４ ～秋冬編～ 第8話 「しば漬タルタルカキフライ」-%(id)s.mp4
https://tver.jp/episodes/ep7syypjs6 | ガイアの夜明け “ニッポン品質”で世界へ～本場に挑む！パンとシャツ～-%(id)s.mp4
https://tver.jp/episodes/epy0fyya8p | カンブリア宮殿 東レの繊維革命！絶体絶命の業界で成し遂げた生き残り劇-%(id)s.mp4
https://tver.jp/episodes/epqlcpqxbm | カンブリア宮殿 客の“欲しい”を先取り！ルミネ流「全世代」集客術の全貌-%(id)s.mp4
https://tver.jp/episodes/ep6hh5fct6 | 奇跡体験！アンビリバボー 冬こそご用心！身近に潜む意外な原因！火災の恐怖SP！-%(id)s.mp4
https://tver.jp/episodes/epx352mpz2 | マツコの知らない世界 前半「泊まれる文化財の世界」-%(id)s.mp4
https://tver.jp/episodes/ep86zlp9cs | マツコの知らない世界 後半「防災無線チャイムの世界」-%(id)s.mp4
https://tver.jp/episodes/epx1i3x8lw | 情熱大陸 吉田恵里香（脚本家／小説家・＃1379）-%(id)s.mp4
https://tver.jp/episodes/epgjqux74a | そこまで言って委員会NP 投資か貯蓄か？新政権でどうする？お金の疑問SP-%(id)s.mp4
https://tver.jp/episodes/epc3cxmm45 | ザ！世界仰天ニュース (3)(秘)映像4時間…連発 ウソみたいな昭和映像&女子中学生殺人事件の真実-%(id)s.mp4
https://tver.jp/episodes/epmsb00xvz | ポツンと一軒家 静岡県・伊豆半島で出会った、日々を楽しむ家族の自由なポツン暮らし。林修も思わず「自由-%(id)s.mp4
https://tver.jp/episodes/ep9agznc9h | 情熱大陸 木村多江（役者・＃1380）-%(id)s.mp4
https://tver.jp/episodes/epaph8f8ii | ジョブチューン ～アノ職業のヒミツぶっちゃけます！ 鍋つゆ3社（ミツカン、味の素、エバラ食品）VS超-%(id)s.mp4
https://tver.jp/episodes/ep5c5jz256 | そこまで言って委員会NP 最新映画で紐解く社会問題！日中関係・暗殺・クマ-%(id)s.mp4
https://tver.jp/episodes/epftms80bz | 池上彰のニュースそうだったのか!! 今マグロより〇〇が高い!…グラフのココで何があった!池上彰が解説-%(id)s.mp4
https://tver.jp/episodes/epotkmbq8v | マツコの知らない世界 「酔いどれ天国！立ち呑み酒場の世界」-%(id)s.mp4
https://tver.jp/episodes/epj832l05j | カンブリア宮殿 アロマ生チョコで国内トップブランドに！最強チームづくりの秘密【傑作選】-%(id)s.mp4
https://tver.jp/episodes/ep3dfovrzl | ザ！世界仰天ニュース (2)(秘)映像4時間…連発 ウソみたいな昭和映像&女子中学生殺人事件の真実-%(id)s.mp4
https://tver.jp/episodes/ep1gbxm6it | ザ！世界仰天ニュース (1)(秘)映像4時間…連発 ウソみたいな昭和映像&女子中学生殺人事件の真実-%(id)s.mp4
https://tver.jp/episodes/epunupa730 | カンブリア宮殿 ビールだけじゃない グッズやホテル事業も展開-%(id)s.mp4
https://tver.jp/episodes/epjcdm2qqu | 晩酌の流儀４ ～秋冬編～ 第10話（最終回） 「玉ねぎ生姜ちゃんこ鍋」-%(id)s.mp4
https://tver.jp/episodes/epa3jv6xsd | ガイアの夜明け 家電に眠る“宝”を狙え-%(id)s.mp4
https://tver.jp/episodes/epjpxfwq08 | 住人十色～家の数だけある 家族のカタチ～ ＃792「郡上八幡へ脱サラ移住！広すぎ空き家を半分リノベし-%(id)s.mp4
https://tver.jp/episodes/epfndwy6su | そこまで言って委員会NP 副首都はうちだ！吉村知事vs他首長　橋下徹も-%(id)s.mp4
https://tver.jp/episodes/ep1bge1zbw | 情熱大陸 鈴木俊貴（動物言語学者・＃1381）-%(id)s.mp4
https://tver.jp/episodes/ept75mvln8 | マツコの知らない世界 後半「ペルシャ絨毯の世界」-%(id)s.mp4
https://tver.jp/episodes/epwre8tzcy | マツコの知らない世界 前半「シュークリームの世界」-%(id)s.mp4
https://tver.jp/episodes/ep9q90qgb1 | ザ！世界仰天ニュース ムロツヨシ暴走!芸能人(秘)苦労話SP…キス病の謎&怖い身近なウイルス-%(id)s.mp4
https://tver.jp/episodes/ephtx3b3r2 | ガイアの夜明け 安いニッポンを高く売る！-%(id)s.mp4
https://tver.jp/episodes/ep2jrg2hmm | カンブリア宮殿 金箔の町の下請けから大逆転！金沢発 母子が切り開いた金箔革命-%(id)s.mp4
https://tver.jp/episodes/epasz00udn | 住人十色～家の数だけある 家族のカタチ～ ＃793「予算1800万円!大きな片流れ屋根のローコストハ-%(id)s.mp4
https://tver.jp/episodes/epbnquel7z | ジョブチューン ～アノ職業のヒミツぶっちゃけます！ 東京ディズニーリゾートⓇのお仕事クリスマススペシ-%(id)s.mp4
https://tver.jp/episodes/ep9y4y0qgb | そこまで言って委員会NP 迷言暴言2025大総括！高市総理・中国・事件-%(id)s.mp4
https://tver.jp/episodes/ep9z0bija4 | マツコの知らない世界 後半「火鍋の世界」-%(id)s.mp4
https://tver.jp/episodes/epw3p8tu6e | マツコの知らない世界 前半「高速道路の世界」-%(id)s.mp4
https://tver.jp/episodes/ep0pw9708r | 池上彰のニュースそうだったのか!! 「100万円の使い方」「働き方」…日本と世界はこんなに違っていた-%(id)s.mp4
https://tver.jp/episodes/ep8szs44z3 | 情熱大陸 Vaundy２夜連続SP後編（マルチアーティスト・＃1383）-%(id)s.mp4
https://tver.jp/episodes/epqcjw2lu0 | 情熱大陸 Vaundy２夜連続SP前編（マルチアーティスト・＃1382）-%(id)s.mp4
https://tver.jp/episodes/ephj5v9fr1 | 奇跡体験！アンビリバボー もうすぐクリスマス！真冬のミステリーSP-%(id)s.mp4
https://tver.jp/episodes/ep9fh529d7 | カンブリア宮殿 「あったらいいな」を次々と実現！ヒットを連発する老舗企業-%(id)s.mp4
https://tver.jp/episodes/epgag4aoqd | ガイアの夜明け 返還から28年・・・香港はいま【傑作選】-%(id)s.mp4
https://tver.jp/episodes/epbx5dwrom | 住人十色～家の数だけある 家族のカタチ～ ＃794「熟練の小ワザで快適＆コストダウン！70代で建てた-%(id)s.mp4
https://tver.jp/episodes/epdjaohdrz | ガイアの夜明け 感謝されるニッポンの貢献とは-%(id)s.mp4
https://tver.jp/episodes/epskjfso7m | ザ！世界仰天ニュース ダイエットのために毎日食べていたエノキタケで救急搬送！いったいなぜ？-%(id)s.mp4
https://tver.jp/episodes/epnxdnxf6a | 情熱大陸 国際医療NGOジャパンハート　アジア小児医療センター（＃1384）-%(id)s.mp4
https://tver.jp/episodes/ep48b44cck | カンブリア宮殿 足元の悩み解決の靴下で躍進する地方メーカーの舞台裏！【傑作選】-%(id)s.mp4
https://tver.jp/episodes/epzcpm9qui | マツコの知らない世界 「お菓子缶の世界」-%(id)s.mp4
https://tver.jp/episodes/ephw7xrnk6 | 住人十色～家の数だけある 家族のカタチ～ ＃795「まるで学生寮!二世帯が暮らす体育館のある家」-%(id)s.mp4
https://tver.jp/episodes/ep65gmtrrl | ガイアの夜明け 追跡！ジェネリック薬～製薬の“再編”が始まる～-%(id)s.mp4
https://tver.jp/episodes/epgjqoaoyn | カンブリア宮殿 目指すは「植物の総合商社」躍進する園芸のプロ集団の戦略-%(id)s.mp4
https://tver.jp/episodes/epwh86v8wi | そこまで言って委員会NP 今年の大激論名場面SP！未公開映像も大放出-%(id)s.mp4
https://tver.jp/episodes/epu5meqxu2 | ジョブチューン ～アノ職業のヒミツぶっちゃけます！ 2025年満場一致合格スイーツNo.1決定戦-%(id)s.mp4
https://tver.jp/episodes/ep5meiey0r | ジョブチューン ～アノ職業のヒミツぶっちゃけます！ くら寿司VS超一流寿司職人-%(id)s.mp4
https://tver.jp/episodes/epqz56wob5 | サンドウィッチマン＆芦田愛菜の博士ちゃん 世界遺産・ヴェネツィアの光と影SP！-%(id)s.mp4
https://tver.jp/episodes/epukvsz8pm | 情熱大陸 赤坂竜太郎（養殖真鯛生産者・＃1385）-%(id)s.mp4
https://tver.jp/episodes/epox0ndkff | そこまで言って委員会NP 政界・中国・都市伝説…２０２６年〇〇大予想SP-%(id)s.mp4
https://tver.jp/episodes/epqla9t9rx | 1億3000万人のSHOWチャンネル 復活!奈良へ歴史の旅▽成田凌ジェシーも参戦-%(id)s.mp4
https://tver.jp/episodes/ep2t8w1s1h | 孤独のグルメ 大晦日スペシャル 孤独のグルメ2025大晦日スペシャル おかわりは、五郎セルフで運びま-%(id)s.mp4
https://tver.jp/episodes/epi9awc81o | 芸能人格付けチェック！2026お正月スペシャル GACKT様がジャングル最深部に…！一体なぜ！？-%(id)s.mp4
https://tver.jp/episodes/epv4yfmao3 | 芸能人格付けチェック！2026お正月スペシャル チェック1「ワイン」＆2「殺陣」-%(id)s.mp4
https://tver.jp/episodes/ep6x45iga2 | 芸能人格付けチェック！2026お正月スペシャル チェック3「弦楽八重奏」＆4「ミシュランシェフ」-%(id)s.mp4
https://tver.jp/episodes/ep1huaq7vt | 芸能人格付けチェック！2026お正月スペシャル チェック5「オーケストラ」＆6「しゃぶしゃぶ」-%(id)s.mp4
https://tver.jp/episodes/epshuigox7 | 芸能人格付けチェック！2026お正月スペシャル TVer限定！浜田＆ヒロドを格付けチェック！司会の浜-%(id)s.mp4
https://tver.jp/episodes/epm4bmjagz | カンブリア宮殿 好調ローソン！テックで切り開く新たなコンビニとは-%(id)s.mp4
https://tver.jp/episodes/eptlmtll1e | ガイアの夜明け 激安スーパーの大勝負！～トライアルの西友改革～-%(id)s.mp4
https://tver.jp/episodes/eptmk8f1cb | 住人十色～家の数だけある 家族のカタチ～ 「移住で手に入れた！富士山を望む３頭の馬と暮らす家」-%(id)s.mp4
https://tver.jp/episodes/epnb19d885 | マツコの知らない世界 後半「豪華列車の世界」-%(id)s.mp4
https://tver.jp/episodes/epfpiz9o0t | マツコの知らない世界 前半「歌舞伎女方の世界」-%(id)s.mp4
https://tver.jp/episodes/ep0dvsdpga | 奇跡体験！アンビリバボー 今年はあなたも超大吉！！大どんでん返しSP！！-%(id)s.mp4
https://tver.jp/episodes/epzrkvi1y5 | ザ！世界仰天ニュース 日航機炎上-%(id)s.mp4
https://tver.jp/episodes/epwh5oiqmg | サンドウィッチマン＆芦田愛菜の博士ちゃん サンドが愛菜ちゃんと里帰り！ 地元・仙台に芦田愛菜を連れて-%(id)s.mp4
https://tver.jp/episodes/ep3tyu3ta7 | そこまで言って委員会NP 新年激論SP！トランプ大統領の「執念」に大賛否-%(id)s.mp4
https://tver.jp/episodes/ep8udv40xa | 住人十色～家の数だけある 家族のカタチ～ ＃796「７坪の狭小地でも広見え！キモカワ！だけどクセにな-%(id)s.mp4
https://tver.jp/episodes/ep8k39p45q | マツコの知らない世界 後半「豪華列車の世界」-%(id)s.mp4
https://tver.jp/episodes/ep3nzhq7eu | マツコの知らない世界 前半「御守りの世界」-%(id)s.mp4
https://tver.jp/episodes/ep3m8op8c6 | ザ！世界仰天ニュース 双子だらけ!謎の一族を松島聡リポ▽極悪兄の大金得る衝撃トリック-%(id)s.mp4
https://tver.jp/episodes/epmotg5rwp | ガイアの夜明け あの主人公はいまSP 激変！インバウンド新時代-%(id)s.mp4
https://tver.jp/episodes/ep7rqd255o | カンブリア宮殿 電力事業も手掛ける！日本のエネルギーを支えるガスNo.1企業-%(id)s.mp4
https://tver.jp/episodes/epajohznxf | 住人十色～家の数だけある 家族のカタチ～ ＃797「収納特化型スキップフロアで実現！メガ収納ハウス」-%(id)s.mp4
https://tver.jp/episodes/eplhfktqcn | サンドウィッチマン＆芦田愛菜の博士ちゃん 世界が称賛！日本の新幹線SP 2026年特別編-%(id)s.mp4
https://tver.jp/episodes/ep6xa3ztiv | マツコの知らない世界 後半「私設博物館の世界」-%(id)s.mp4
https://tver.jp/episodes/epxhapdp10 | マツコの知らない世界 前半「盆栽の世界」-%(id)s.mp4
https://tver.jp/episodes/epheop3x14 | カンブリア宮殿 急拡大！大都会の産直プラットフォーム「わくわく広場」-%(id)s.mp4
https://tver.jp/episodes/epn954nwgn | 奇跡体験！アンビリバボー 超ひらめきで大逆転！！あなたならどうするSP！！-%(id)s.mp4
https://tver.jp/episodes/epvs6vocoj | 住人十色～家の数だけある 家族のカタチ～ ＃798「友達同士で暮らす！自然を満喫できる倉庫リノベハウ-%(id)s.mp4
https://tver.jp/episodes/ep4lg4xhk2 | ガイアの夜明け 子供を起業家に育てる 密着！神山まるごと高専-%(id)s.mp4
https://tver.jp/episodes/epd66mrz70 | ジョブチューン ～アノ職業のヒミツぶっちゃけます！ 餃子の王将VS超一流中華料理人-%(id)s.mp4
https://tver.jp/episodes/epiqsbvcb4 | サンドウィッチマン＆芦田愛菜の博士ちゃん 日本の伝統文化を愛する博士ちゃんSP-%(id)s.mp4
https://tver.jp/episodes/ep580t6ex3 | 情熱大陸 長谷川勤（串かつ料理人 ・＃1389）-%(id)s.mp4
https://tver.jp/episodes/epa6hq0xcl | ザ！世界仰天ニュース 父親が消え、不可解な事が巻き起こる。それはある女が仕組んだ驚愕の殺人事件！パー-%(id)s.mp4
https://tver.jp/episodes/epc8klmcvr | マツコの知らない世界 「コーンスープの世界」-%(id)s.mp4
https://tver.jp/episodes/epd9c6c57y | ザ！世界仰天ニュース 有名私立大学!裏口入学の手口…推薦1枠!女子高生の卑劣争奪戦-%(id)s.mp4
https://tver.jp/episodes/eph87348dp | カンブリア宮殿 バッドロケーションに客が殺到！外食“異端児”の常識破り経営-%(id)s.mp4
https://tver.jp/episodes/eph7m2yree | ガイアの夜明け 野生と共に生きる！～駆除に頼らない観光地～-%(id)s.mp4
https://tver.jp/episodes/epmc8jkkd7 | 住人十色～家の数だけある 家族のカタチ～ ＃799「“スケスケ”で狭小を克服!商店街に建つ建坪10坪-%(id)s.mp4
https://tver.jp/episodes/ep12yaaam7 | 情熱大陸 はらゆうこ（フードコーディネーター ・＃1390）-%(id)s.mp4
https://tver.jp/episodes/ep7zbeutvf | そこまで言って委員会NP 岸谷蘭丸参戦！政治・学歴…若者〇〇界隈を大激論-%(id)s.mp4
https://tver.jp/episodes/epehqqs8u3 | ザ！世界仰天ニュース 父親が消え、不可解な事が巻き起こる。それはある女が仕組んだ驚愕の殺人事件！パー-%(id)s.mp4
https://tver.jp/episodes/epcm9vifjw | 池上彰のニュースそうだったのか!! 「成田闘争」「赤ちゃんポスト」「平成の大合併」…日本が注目したあ-%(id)s.mp4
https://tver.jp/episodes/epxt2q67ke | マツコの知らない世界 「マンガ描き文字の世界」-%(id)s.mp4
https://tver.jp/episodes/epju3eie7y | ザ！世界仰天ニュース 獄中の連続放火犯と番組Pが手紙交換 やめられない心の闇とは-%(id)s.mp4
https://tver.jp/episodes/epa7ktjv88 | 奇跡体験！アンビリバボー 激ヤバ！！スゴすぎピーポー！！大集合SP！！-%(id)s.mp4
https://tver.jp/episodes/epanxnaboe | カンブリア宮殿 進化する魚群探知機！ニッチ市場を席巻する船舶機器メーカーの全貌-%(id)s.mp4
https://tver.jp/episodes/epgim2ltdg | そこまで言って委員会NP 第三次世界大戦は起きるか？世界の戦争を徹底討論-%(id)s.mp4
https://tver.jp/episodes/epmvyr54aw | ジョブチューン ～アノ職業のヒミツぶっちゃけます！ 無印良品VS超一流料理人-%(id)s.mp4
https://tver.jp/episodes/epas7qsvn7 | 住人十色～家の数だけある 家族のカタチ～ ＃800「建坪6.3坪でも諦めない！兼ねて叶えた新宿から５-%(id)s.mp4
https://tver.jp/episodes/epr81ap637 | マツコの知らない世界 後半「踏切の世界」-%(id)s.mp4
https://tver.jp/episodes/ep727biouf | マツコの知らない世界 前半「ご当地喫茶店モーニングの世界」-%(id)s.mp4
https://tver.jp/episodes/epfvltmmdu | ザ！世界仰天ニュース 食の危険!夫のハンバーグで家族地獄▽旅館の夕食で脳萎縮命の危機-%(id)s.mp4
https://tver.jp/episodes/eptz7rxazp | 住人十色～家の数だけある 家族のカタチ～ ＃801「庭の眺めを最優先！デメリットも解消した近未来の平-%(id)s.mp4
https://tver.jp/episodes/ep9vhv6a0z | ガイアの夜明け あの主人公はいま…SP 世界で勝つ！日本の工芸-%(id)s.mp4
https://tver.jp/episodes/ep6tdkmvjx | カンブリア宮殿 “オフィスまるごと”で売り上げ1兆円！その強さの秘訣-%(id)s.mp4
https://tver.jp/episodes/epndsdm59w | -%(id)s.mp4
https://tver.jp/episodes/ephytjpgmh | マツコの知らない世界 「味噌の世界」-%(id)s.mp4
https://tver.jp/episodes/epeq6lud0k | サンドウィッチマン＆芦田愛菜の博士ちゃん 健康の新常識SP-%(id)s.mp4
https://tver.jp/episodes/epaqed4r5n | 情熱大陸 木村ミサ（アイドルプロデューサー・＃1391）-%(id)s.mp4
https://tver.jp/episodes/epzwtseyjb | そこまで言って委員会NP 有権者の心理を徹底分析「〇〇バイアス」大討論-%(id)s.mp4
https://tver.jp/episodes/epl3uonbca | 住人十色～家の数だけある 家族のカタチ～ ＃712「森を切り拓いた秘密基地“森人”たちの二拠点生活」-%(id)s.mp4
https://tver.jp/episodes/epdvs4al46 | 情熱大陸 玉木潤／たま木亭（パン職人・＃1392）-%(id)s.mp4
https://tver.jp/episodes/epvj7cwgt1 | カンブリア宮殿 国民的おやつが攻めの異業種コラボロングセラーであり続ける戦略-%(id)s.mp4
https://tver.jp/episodes/ep17m1wna6 | 奇跡体験！アンビリバボー 私はだ～れ！？アンビリ履歴SHOW！！-%(id)s.mp4
https://tver.jp/episodes/epmg0nt5dr | マツコの知らない世界 後半「ネコ画像の世界」-%(id)s.mp4
https://tver.jp/episodes/epfqpqsy5b | マツコの知らない世界 前半「野生ネコの世界」-%(id)s.mp4
https://tver.jp/episodes/ep847275ee | ザ！世界仰天ニュース 大食いの激やせ女子の謎…1日7キロ完食!体重46kg女子の秘密-%(id)s.mp4
